Log file open, 01/09/19 09:40:07
LogInit:Display: Running engine for game: beginnersdemo
LogInit:Display: Project file not found: ../../../beginnersdemo/beginnersdemo.uproject
LogInit:Display: 	Attempting to find via project info helper.
LogUProjectInfo: Found projects:
LogPlatformFile: Not using cached read wrapper
LogInit:Display: RandInit(-2081060388) SRandInit(-2081060386).
LogTaskGraph: Started task graph with 5 named threads and 6 total threads with 1 sets of task threads.
LogStats: Stats thread started at 1.696520
LogInit: Using libcurl 7.47.1
LogInit:  - built for x86_64-pc-win32
LogInit:  - supports SSL with OpenSSL/1.0.2g
LogInit:  - supports HTTP deflate (compression) using libz 1.2.8
LogInit:  - other features:
LogInit:      CURL_VERSION_SSL
LogInit:      CURL_VERSION_LIBZ
LogInit:      CURL_VERSION_IPV6
LogInit:      CURL_VERSION_ASYNCHDNS
LogInit:      CURL_VERSION_LARGEFILE
LogInit:      CURL_VERSION_IDN
LogInit:  CurlRequestOptions (configurable via config and command line):
LogInit:  - bVerifyPeer = false  - Libcurl will NOT verify peer certificate
LogInit:  - bUseHttpProxy = false  - Libcurl will NOT use HTTP proxy
LogInit:  - bDontReuseConnections = false  - Libcurl will reuse connections
LogInit:  - CertBundlePath = nullptr  - Libcurl will use whatever was configured at build time.
LogInit: Build: ++UE4+Release-4.15-CL-3450819
LogInit: Engine Version: 4.15.3-3450819+++UE4+Release-4.15
LogInit: Compatible Engine Version: 4.15.0-3299760+++UE4+Release-4.15
LogInit: Net CL: 3299760
LogDevObjectVersion: Number of dev versions registered: 14
LogDevObjectVersion:   Dev-Blueprints (B0D832E4-1F89-4F0D-ACCF-7EB736FD4AA2): 8
LogDevObjectVersion:   Dev-Build (E1C64328-A22C-4D53-A36C-8E866417BD8C): 0
LogDevObjectVersion:   Dev-Core (375EC13C-06E4-48FB-B500-84F0262A717E): 2
LogDevObjectVersion:   Dev-Editor (E4B068ED-F494-42E9-A231-DA0B2E46BB41): 14
LogDevObjectVersion:   Dev-Framework (CFFC743F-43B0-4480-9391-14DF171D2073): 22
LogDevObjectVersion:   Dev-Mobile (B02B49B5-BB20-44E9-A304-32B752E40360): 0
LogDevObjectVersion:   Dev-Networking (A4E4105C-59A1-49B5-A7C5-40C4547EDFEE): 0
LogDevObjectVersion:   Dev-Online (39C831C9-5AE6-47DC-9A44-9C173E1C8E7C): 0
LogDevObjectVersion:   Dev-Physics (78F01B33-EBEA-4F98-B9B4-84EACCB95AA2): 0
LogDevObjectVersion:   Dev-Platform (6631380F-2D4D-43E0-8009-CF276956A95A): 0
LogDevObjectVersion:   Dev-Rendering (12F88B9F-8875-4AFC-A67C-D90C383ABD29): 12
LogDevObjectVersion:   Dev-Sequencer (7B5AE74C-D270-4C10-A958-57980B212A5A): 3
LogDevObjectVersion:   Dev-VR (D7296918-1DD6-4BDD-9DE2-64A83CC13884): 0
LogDevObjectVersion:   Dev-LoadTimes (C2A15278-BFE7-4AFE-6C17-90FF531DF755): 1
LogInit: Compiled (64-bit): May 21 2017 11:06:29
LogInit: Compiled with Visual C++: 19.00.23026.00
LogInit: Build Configuration: Development
LogInit: Branch Name: ++UE4+Release-4.15
LogInit: Command line:  
LogInit: Base directory: B:/my first game/WindowsNoEditor/Engine/Binaries/Win64/
LogInit: Installed Engine Build: 0
LogInit: Presizing for max 2097152 objects, including 0 objects not considered by GC, pre-allocating 0 bytes for permanent pool.
LogStreaming:Display: Async Loading initialized: New Async IO: false, Event Driven Loader: false, Async Loading Thread: false
LogInit: Object subsystem initialized
[2019.01.09-04.10.07:875][  0]LogInit: Selected Device Profile: [WindowsNoEditor]
[2019.01.09-04.10.07:875][  0]LogInit: Applying CVar settings loaded from the selected device profile: [WindowsNoEditor]
[2019.01.09-04.10.07:917][  0]LogInit: Computer: TEDDY
[2019.01.09-04.10.07:917][  0]LogInit: User: DJ
[2019.01.09-04.10.07:917][  0]LogInit: CPU Page size=65536, Cores=2
[2019.01.09-04.10.07:917][  0]LogInit: High frequency timer resolution =2.143560 MHz
[2019.01.09-04.10.07:918][  0]LogMemory: Memory total: Physical=3.9GB (4GB approx)
[2019.01.09-04.10.07:918][  0]LogMemory: Platform Memory Stats for WindowsNoEditor
[2019.01.09-04.10.07:918][  0]LogMemory: Process Physical Memory: 87.95 MB used, 87.95 MB peak
[2019.01.09-04.10.07:918][  0]LogMemory: Process Virtual Memory: 101.56 MB used, 101.56 MB peak
[2019.01.09-04.10.07:918][  0]LogMemory: Physical Memory: 2614.51 MB used,  1374.85 MB free, 3989.36 MB total
[2019.01.09-04.10.07:918][  0]LogMemory: Virtual Memory: 4456.55 MB used,  1374.85 MB free, 134217728.00 MB total
[2019.01.09-04.10.09:823][  0]LogTextLocalizationManager: No specific translations for ('en-US') exist, so ('en') translations will be used.
[2019.01.09-04.10.10:158][  0]LogD3D11RHI: D3D11 adapters:
[2019.01.09-04.10.10:471][  0]LogD3D11RHI:    0. 'Intel(R) HD Graphics 3000' (Feature Level 10_0)
[2019.01.09-04.10.10:471][  0]LogD3D11RHI:       32/0/1632 MB DedicatedVideo/DedicatedSystem/SharedSystem, Outputs:1, VendorId:0x8086
[2019.01.09-04.10.10:486][  0]LogD3D11RHI:    1. 'Microsoft Basic Render Driver' (Feature Level 11_0)
[2019.01.09-04.10.10:486][  0]LogD3D11RHI:       0/0/1994 MB DedicatedVideo/DedicatedSystem/SharedSystem, Outputs:0, VendorId:0x1414
[2019.01.09-04.10.10:486][  0]LogD3D11RHI: Chosen D3D11 Adapter: 0
[2019.01.09-04.10.10:511][  0]LogD3D11RHI: Creating new Direct3DDevice
[2019.01.09-04.10.10:512][  0]LogD3D11RHI:     GPU DeviceId: 0x116 (for the marketing name, search the web for "GPU Device Id")
[2019.01.09-04.10.10:512][  0]LogWindows: EnumDisplayDevices:
[2019.01.09-04.10.10:513][  0]LogWindows:    0. 'Intel(R) HD Graphics 3000' (P:1 D:1)
[2019.01.09-04.10.10:526][  0]LogWindows:    1. 'Intel(R) HD Graphics 3000' (P:0 D:0)
[2019.01.09-04.10.10:527][  0]LogWindows: DebugString: GetVideoDriverDetailsInvalid PrimaryIsNotTheChoosenAdapter GetVideoDriverDetailsInvalid PrimaryIsNotTheChoosenAdapter FoundDriverCount:0 
[2019.01.09-04.10.10:527][  0]LogD3D11RHI:     Adapter Name: Intel(R) HD Graphics 3000
[2019.01.09-04.10.10:527][  0]LogD3D11RHI:   Driver Version: Unknown (internal:Unknown, unified:Unknown)
[2019.01.09-04.10.10:527][  0]LogD3D11RHI:      Driver Date: Unknown
[2019.01.09-04.10.10:527][  0]LogRHI: Texture pool is 593 MB (70% of 848 MB)
[2019.01.09-04.10.10:540][  0]LogD3D11RHI: Async texture creation enabled
[2019.01.09-04.10.10:631][  0]LogD3D11RHI: GPU Timing Frequency: 12.500000 (Debug: 2 1)
[2019.01.09-04.10.10:715][  0]LogSlate: Using Freetype 2.6.0
[2019.01.09-04.10.10:838][  0]LogSlate: SlateFontCache - WITH_FREETYPE: 1, WITH_HARFBUZZ: 1
[2019.01.09-04.10.10:838][  0]LogSlate: SlateFontCache - WITH_FREETYPE: 1, WITH_HARFBUZZ: 1
[2019.01.09-04.10.11:842][  0]LogAssetRegistry: FAssetRegistry took 0.0648 seconds to start up
[2019.01.09-04.10.11:861][  0]LogPackageLocalizationCache: Processed 3 localized package path(s) for 2 prioritized culture(s) in 0.017282 seconds
[2019.01.09-04.10.11:967][  0]LogContentStreaming: Texture pool size is 1000.00 MB
[2019.01.09-04.10.11:967][  0]LogInit: Selected Device Profile: [WindowsNoEditor]
[2019.01.09-04.10.12:331][  0]LogBlueprintUserMessages:Warning: DEBUG: LocalNotification DefaultPlatformService NOT FOUND
[2019.01.09-04.10.12:405][  0]LogNetVersion: GetLocalNetworkVersion: CL: 3299760, ProjectName: beginnersdemo, ProjectVersion: , EngineNetworkVersion: 2, GameNetworkVersion: 0, NetworkChecksum: 3321814463
[2019.01.09-04.10.12:744][  0]LogInit: WinSock: version 1.1 (2.2), MaxSocks=32767, MaxUdp=65467
[2019.01.09-04.10.12:979][  0]LogMoviePlayer: Initializing movie player
[2019.01.09-04.10.13:435][  0]LogUObjectArray: 28312 objects as part of root set at end of initial load.
[2019.01.09-04.10.13:435][  0]LogUObjectAllocator: 5669696 out of 0 bytes used by permanent object pool.
[2019.01.09-04.10.13:435][  0]LogUObjectArray: CloseDisregardForGC: 0/0 objects in disregard for GC pool
[2019.01.09-04.10.13:456][  0]LogEngine: Initializing Engine...
[2019.01.09-04.10.13:463][  0]LogHMD: Failed to initialize OpenVR with code 110
[2019.01.09-04.10.13:731][  0]LogStats: UGameplayTagsManager::ConstructGameplayTagTree: Construct from data asset -  0.000 s
[2019.01.09-04.10.13:731][  0]LogStats: UGameplayTagsManager::ConstructGameplayTagTree: GameplayTagTreeChangedEvent.Broadcast -  0.000 s
[2019.01.09-04.10.14:254][  0]LogInit: XAudio2 using 'Speakers (Realtek High Definition Audio)' : 2 channels at 48 kHz using 32 bits per sample (channel mask 0x3)
[2019.01.09-04.10.14:874][  0]LogInit: FAudioDevice initialized.
[2019.01.09-04.10.14:893][  0]LogInit: Texture streaming: Enabled
[2019.01.09-04.10.14:930][  0]LogInit:Display: Game Engine Initialized.
[2019.01.09-04.10.14:932][  0]LogInit:Display: Starting Game.
[2019.01.09-04.10.14:932][  0]LogNet: Browse: /Game/mycontent/demogame?Name=Player
[2019.01.09-04.10.14:933][  0]LogLoad: LoadMap: /Game/mycontent/demogame?Name=Player
[2019.01.09-04.10.15:034][  0]LogMemory: Platform Memory Stats for WindowsNoEditor
[2019.01.09-04.10.15:034][  0]LogMemory: Process Physical Memory: 176.44 MB used, 189.58 MB peak
[2019.01.09-04.10.15:034][  0]LogMemory: Process Virtual Memory: 161.84 MB used, 231.33 MB peak
[2019.01.09-04.10.15:034][  0]LogMemory: Physical Memory: 2732.71 MB used,  1256.64 MB free, 3989.36 MB total
[2019.01.09-04.10.15:034][  0]LogMemory: Virtual Memory: 4620.04 MB used,  1256.64 MB free, 134217728.00 MB total
[2019.01.09-04.10.15:034][  0]LogMemory: 
[2019.01.09-04.10.15:034][  0]Allocator Stats for binned2: (not implemented)
[2019.01.09-04.10.16:680][  0]LogAIModule: Creating AISystem for world demogame
[2019.01.09-04.10.16:691][  0]LogLoad: Game class is 'mygamemode_C'
[2019.01.09-04.10.16:711][  0]LogWorld: Bringing World /Game/mycontent/demogame.demogame up for play (max tick rate 0) at 2019.01.09-09.40.16
[2019.01.09-04.10.16:718][  0]LogWorld: Bringing up level for play took: 0.024131
[2019.01.09-04.10.16:744][  0]LogLoad: Took 1.811219 seconds to LoadMap(/Game/mycontent/demogame)
[2019.01.09-04.10.16:766][  0]LogSlate: Took 0.018566 seconds to synchronously load lazily loaded font '../../../Engine/Content/EngineFonts/Faces/RobotoBold.ufont' (160K)
[2019.01.09-04.10.18:364][  0]LogLoad: (Engine Initialization) Total time: 13.37 seconds
[2019.01.09-04.10.18:364][  0]LogExternalProfiler: No external profilers were discovered.  External profiling features will not be available.
[2019.01.09-04.10.18:386][  0]LogOcInput: OculusInput pre-init called
[2019.01.09-04.10.18:848][  2]LogRenderer: Reallocating scene render targets to support 1280x720 NumSamples 1 (Frame:2).
[2019.01.09-04.10.26:505][  7]LogD3D11RHI: Timed out while waiting for GPU to catch up. (0.5 s)
[2019.01.09-04.10.27:009][  8]LogD3D11RHI: Timed out while waiting for GPU to catch up. (0.5 s)
[2019.01.09-04.10.27:741][  8]LogD3D11RHI: Timed out while waiting for GPU to catch up. (0.5 s)
[2019.01.09-04.10.28:329][  9]LogD3D11RHI: Timed out while waiting for GPU to catch up. (0.5 s)
[2019.01.09-04.10.28:831][ 10]LogD3D11RHI: Timed out while waiting for GPU to catch up. (0.5 s)
[2019.01.09-04.10.29:725][ 10]LogD3D11RHI: Timed out while waiting for GPU to catch up. (0.5 s)
[2019.01.09-04.10.30:227][ 11]LogD3D11RHI: Timed out while waiting for GPU to catch up. (0.5 s)
[2019.01.09-04.10.31:089][ 11]LogD3D11RHI: Timed out while waiting for GPU to catch up. (0.5 s)
[2019.01.09-04.10.31:591][ 12]LogD3D11RHI: Timed out while waiting for GPU to catch up. (0.5 s)
[2019.01.09-04.10.32:092][ 12]LogD3D11RHI: Timed out while waiting for GPU to catch up. (0.5 s)
[2019.01.09-04.10.33:138][ 12]LogD3D11RHI: Timed out while waiting for GPU to catch up. (0.5 s)
[2019.01.09-04.10.35:175][ 13]LogD3D11RHI: Timed out while waiting for GPU to catch up. (0.5 s)
[2019.01.09-04.10.35:751][ 14]LogD3D11RHI: Timed out while waiting for GPU to catch up. (0.5 s)
[2019.01.09-04.10.36:253][ 15]LogD3D11RHI: Timed out while waiting for GPU to catch up. (0.5 s)
[2019.01.09-04.10.36:875][ 15]LogD3D11RHI: Timed out while waiting for GPU to catch up. (0.5 s)
[2019.01.09-04.10.38:427][ 16]LogD3D11RHI: Timed out while waiting for GPU to catch up. (0.5 s)
[2019.01.09-04.10.39:640][ 17]LogD3D11RHI: Timed out while waiting for GPU to catch up. (0.5 s)
[2019.01.09-04.10.41:715][ 18]LogD3D11RHI: Timed out while waiting for GPU to catch up. (0.5 s)
[2019.01.09-04.10.46:972][ 28]LogD3D11RHI: Timed out while waiting for GPU to catch up. (0.5 s)
[2019.01.09-04.10.48:376][ 30]LogD3D11RHI: Timed out while waiting for GPU to catch up. (0.5 s)
[2019.01.09-04.10.52:254][ 55]LogD3D11RHI: Timed out while waiting for GPU to catch up. (0.5 s)
[2019.01.09-04.10.52:785][ 56]LogD3D11RHI: Timed out while waiting for GPU to catch up. (0.5 s)
[2019.01.09-04.10.53:314][ 57]LogD3D11RHI: Timed out while waiting for GPU to catch up. (0.5 s)
[2019.01.09-04.11.03:461][ 86]LogD3D11RHI: Timed out while waiting for GPU to catch up. (0.5 s)
[2019.01.09-04.11.04:161][ 87]LogD3D11RHI: Timed out while waiting for GPU to catch up. (0.5 s)
[2019.01.09-04.11.04:709][ 88]LogD3D11RHI: Timed out while waiting for GPU to catch up. (0.5 s)
[2019.01.09-04.11.05:251][ 89]LogD3D11RHI: Timed out while waiting for GPU to catch up. (0.5 s)
[2019.01.09-04.11.06:014][ 90]LogD3D11RHI: Timed out while waiting for GPU to catch up. (0.5 s)
[2019.01.09-04.11.06:828][ 91]LogD3D11RHI: Timed out while waiting for GPU to catch up. (0.5 s)
[2019.01.09-04.11.07:662][ 92]LogD3D11RHI: Timed out while waiting for GPU to catch up. (0.5 s)
[2019.01.09-04.11.08:482][ 93]LogD3D11RHI: Timed out while waiting for GPU to catch up. (0.5 s)
[2019.01.09-04.11.09:319][ 94]LogD3D11RHI: Timed out while waiting for GPU to catch up. (0.5 s)
[2019.01.09-04.11.10:171][ 95]LogD3D11RHI: Timed out while waiting for GPU to catch up. (0.5 s)
[2019.01.09-04.11.11:003][ 96]LogD3D11RHI: Timed out while waiting for GPU to catch up. (0.5 s)
[2019.01.09-04.11.11:830][ 97]LogD3D11RHI: Timed out while waiting for GPU to catch up. (0.5 s)
[2019.01.09-04.11.12:691][ 98]LogD3D11RHI: Timed out while waiting for GPU to catch up. (0.5 s)
[2019.01.09-04.11.13:566][ 99]LogD3D11RHI: Timed out while waiting for GPU to catch up. (0.5 s)
[2019.01.09-04.11.14:321][100]LogD3D11RHI: Timed out while waiting for GPU to catch up. (0.5 s)
[2019.01.09-04.11.15:108][101]LogD3D11RHI: Timed out while waiting for GPU to catch up. (0.5 s)
[2019.01.09-04.11.15:968][102]LogD3D11RHI: Timed out while waiting for GPU to catch up. (0.5 s)
[2019.01.09-04.11.17:556][103]LogD3D11RHI: Timed out while waiting for GPU to catch up. (0.5 s)
[2019.01.09-04.11.18:107][104]LogD3D11RHI: Timed out while waiting for GPU to catch up. (0.5 s)
[2019.01.09-04.11.19:222][105]LogD3D11RHI: Timed out while waiting for GPU to catch up. (0.5 s)
[2019.01.09-04.11.19:804][106]LogD3D11RHI: Timed out while waiting for GPU to catch up. (0.5 s)
[2019.01.09-04.11.20:349][107]LogD3D11RHI: Timed out while waiting for GPU to catch up. (0.5 s)
[2019.01.09-04.11.20:994][108]LogD3D11RHI: Timed out while waiting for GPU to catch up. (0.5 s)
[2019.01.09-04.11.21:819][109]LogD3D11RHI: Timed out while waiting for GPU to catch up. (0.5 s)
[2019.01.09-04.11.21:824][109]LogSlate: Request Window 'Beginner Demo (64-bit, PCD3D_SM4)' being destroyed
[2019.01.09-04.11.22:599][109]LogD3D11RHI: Timed out while waiting for GPU to catch up. (0.5 s)
[2019.01.09-04.11.22:927][109]LogSlate: Window 'Beginner Demo (64-bit, PCD3D_SM4)' being destroyed
[2019.01.09-04.11.22:932][109]LogWindowsTextInputMethodSystem:Display: IME system now deactivated.
[2019.01.09-04.11.22:939][109]LogSlate: HittestGrid destroyed
[2019.01.09-04.11.24:549][110]LogEngine: All Windows Closed
[2019.01.09-04.11.24:549][110]LogWindows: FPlatformMisc::RequestExit(0)
[2019.01.09-04.11.24:553][111]LogMoviePlayer: Shutting down movie player
[2019.01.09-04.11.25:733][111]LogExit: Preparing to exit.
[2019.01.09-04.11.25:807][111]LogExit: Game engine shut down
[2019.01.09-04.11.26:005][111]LogObj: Freed 656b from 1 cluster array pools.
[2019.01.09-04.11.26:005][111]LogExit: Object subsystem successfully closed.
[2019.01.09-04.11.26:049][111]LogD3D11RHI: Shutdown
[2019.01.09-04.11.26:049][111]LogD3D11RHI: CleanupD3DDevice
[2019.01.09-04.11.26:516][111]LogD3D11RHI: ~FD3D11DynamicRHI
[2019.01.09-04.11.26:516][111]LogModuleManager: Shutting down and abandoning module AutomationController (144)
[2019.01.09-04.11.26:516][111]LogModuleManager: Shutting down and abandoning module AutomationWorker (142)
[2019.01.09-04.11.26:516][111]LogModuleManager: Shutting down and abandoning module AIModule (140)
[2019.01.09-04.11.26:517][111]LogModuleManager: Shutting down and abandoning module GameplayDebugger (139)
[2019.01.09-04.11.26:517][111]LogModuleManager: Shutting down and abandoning module WmfMediaFactory (136)
[2019.01.09-04.11.26:517][111]LogModuleManager: Shutting down and abandoning module MfMediaFactory (134)
[2019.01.09-04.11.26:517][111]LogModuleManager: Shutting down and abandoning module AvfMediaFactory (132)
[2019.01.09-04.11.26:517][111]LogModuleManager: Shutting down and abandoning module AndroidMediaFactory (130)
[2019.01.09-04.11.26:517][111]LogModuleManager: Shutting down and abandoning module Media (129)
[2019.01.09-04.11.26:517][111]LogModuleManager: Shutting down and abandoning module CharacterAI (126)
[2019.01.09-04.11.26:517][111]LogModuleManager: Shutting down and abandoning module SessionServices (124)
[2019.01.09-04.11.26:517][111]LogModuleManager: Shutting down and abandoning module GeometryCache (122)
[2019.01.09-04.11.26:517][111]LogModuleManager: Shutting down and abandoning module Niagara (120)
[2019.01.09-04.11.26:517][111]LogModuleManager: Shutting down and abandoning module StreamingPauseRendering (118)
[2019.01.09-04.11.26:517][111]LogModuleManager: Shutting down and abandoning module AnalyticsET (116)
[2019.01.09-04.11.26:517][111]LogModuleManager: Shutting down and abandoning module ProfilerService (114)
[2019.01.09-04.11.26:528][111]LogModuleManager: Shutting down and abandoning module TaskGraph (112)
[2019.01.09-04.11.26:529][111]LogModuleManager: Shutting down and abandoning module SteamVRController (110)
[2019.01.09-04.11.26:529][111]LogModuleManager: Shutting down and abandoning module SteamVR (108)
[2019.01.09-04.11.26:529][111]LogModuleManager: Shutting down and abandoning module ProceduralMeshComponent (106)
[2019.01.09-04.11.26:529][111]LogModuleManager: Shutting down and abandoning module OculusLibrary (104)
[2019.01.09-04.11.26:529][111]LogModuleManager: Shutting down and abandoning module OculusInput (102)
[2019.01.09-04.11.26:529][111]LogModuleManager: Shutting down and abandoning module MobilePatchingUtils (100)
[2019.01.09-04.11.26:529][111]LogModuleManager: Shutting down and abandoning module CustomMeshComponent (98)
[2019.01.09-04.11.26:529][111]LogModuleManager: Shutting down and abandoning module CableComponent (96)
[2019.01.09-04.11.26:529][111]LogModuleManager: Shutting down and abandoning module ArchVisCharacter (94)
[2019.01.09-04.11.26:529][111]LogModuleManager: Shutting down and abandoning module HTML5Networking (90)
[2019.01.09-04.11.26:529][111]LogModuleManager: Shutting down and abandoning module PhysXVehicles (88)
[2019.01.09-04.11.26:529][111]LogModuleManager: Shutting down and abandoning module LocationServicesBPLibrary (86)
[2019.01.09-04.11.26:529][111]LogModuleManager: Shutting down and abandoning module UdpMessaging (84)
[2019.01.09-04.11.26:529][111]LogModuleManager: Shutting down and abandoning module TcpMessaging (82)
[2019.01.09-04.11.26:529][111]LogModuleManager: Shutting down and abandoning module FacialAnimation (80)
[2019.01.09-04.11.26:529][111]LogModuleManager: Shutting down and abandoning module LightPropagationVolumeRuntime (78)
[2019.01.09-04.11.26:529][111]LogModuleManager: Shutting down and abandoning module Paper2D (76)
[2019.01.09-04.11.26:530][111]LogModuleManager: Shutting down and abandoning module WindowsMoviePlayer (74)
[2019.01.09-04.11.26:530][111]LogModuleManager: Shutting down and abandoning module WmfMedia (72)
[2019.01.09-04.11.26:534][111]LogModuleManager: Shutting down and abandoning module MfMedia (70)
[2019.01.09-04.11.26:534][111]LogModuleManager: Shutting down and abandoning module MediaAssets (68)
[2019.01.09-04.11.26:534][111]LogModuleManager: Shutting down and abandoning module GameLiveStreaming (66)
[2019.01.09-04.11.26:534][111]LogModuleManager: Shutting down and abandoning module UMG (64)
[2019.01.09-04.11.26:534][111]LogModuleManager: Shutting down and abandoning module SlateReflector (62)
[2019.01.09-04.11.26:535][111]LogModuleManager: Shutting down and abandoning module Slate (60)
[2019.01.09-04.11.26:535][111]LogModuleManager: Shutting down and abandoning module Messaging (58)
[2019.01.09-04.11.26:535][111]LogModuleManager: Shutting down and abandoning module HeadMountedDisplay (56)
[2019.01.09-04.11.26:535][111]LogModuleManager: Shutting down and abandoning module XAudio2 (54)
[2019.01.09-04.11.26:535][111]LogModuleManager: Shutting down and abandoning module Networking (52)
[2019.01.09-04.11.26:535][111]LogModuleManager: Shutting down and abandoning module Core (48)
[2019.01.09-04.11.26:535][111]LogModuleManager: Shutting down and abandoning module AssetRegistry (46)
[2019.01.09-04.11.26:539][111]LogModuleManager: Shutting down and abandoning module ImageWrapper (44)
[2019.01.09-04.11.26:539][111]LogModuleManager: Shutting down and abandoning module InputCore (42)
[2019.01.09-04.11.26:539][111]LogModuleManager: Shutting down and abandoning module OculusRift (40)
[2019.01.09-04.11.26:539][111]LogModuleManager: Shutting down and abandoning module GearVR (38)
[2019.01.09-04.11.26:539][111]LogModuleManager: Shutting down and abandoning module ExampleDeviceProfileSelector (36)
[2019.01.09-04.11.26:539][111]LogModuleManager: Shutting down and abandoning module OnlineSubsystem (32)
[2019.01.09-04.11.26:539][111]LogOnline:Display: Unloading online subsystem: NULL
[2019.01.09-04.11.26:540][111]LogModuleManager: Shutting down and abandoning module HTTP (31)
[2019.01.09-04.11.26:540][111]LogHttp:Display: Http module shutting down, but needs to wait on 1 outstanding Http requests:
[2019.01.09-04.11.26:540][111]LogHttp:Display: 	verb=[POST] url=[https://datarouter.ol.epicgames.com/datarouter/api/v1/public/data?SessionID=%7B4C87422E-4996-3586-B440-78833FEE3A63%7D&AppID=UEGame.Rocket.Release%7CE5D692184515A6C7E623F896CCD680F9%7CDemo%20Project&AppVersion=4.15.3-3450819%2B%2B%2BUE4%2BRelease-4.15&UserID=ANON-%7BF7E27B69-433A-03C4-D301-2CBEBA953558%7D%7C%7C&AppEnvironment=datacollector-binary&UploadType=eteventstream] status=Processing
[2019.01.09-04.11.26:549][111]LogModuleManager: Shutting down and abandoning module SSL (30)
[2019.01.09-04.11.26:550][111]LogModuleManager: Shutting down and abandoning module ShaderCore (26)
[2019.01.09-04.11.26:550][111]LogModuleManager: Shutting down and abandoning module Landscape (24)
[2019.01.09-04.11.26:550][111]LogModuleManager: Shutting down and abandoning module SlateRHIRenderer (22)
[2019.01.09-04.11.26:552][111]LogModuleManager: Shutting down and abandoning module OpenGLDrv (20)
[2019.01.09-04.11.26:552][111]LogModuleManager: Shutting down and abandoning module D3D11RHI (18)
[2019.01.09-04.11.26:552][111]LogModuleManager: Shutting down and abandoning module AnimGraphRuntime (16)
[2019.01.09-04.11.26:552][111]LogModuleManager: Shutting down and abandoning module Renderer (14)
[2019.01.09-04.11.26:552][111]LogModuleManager: Shutting down and abandoning module Engine (12)
[2019.01.09-04.11.26:552][111]LogModuleManager: Shutting down and abandoning module CoreUObject (10)
[2019.01.09-04.11.26:552][111]LogModuleManager: Shutting down and abandoning module NetworkFile (8)
[2019.01.09-04.11.26:552][111]LogModuleManager: Shutting down and abandoning module StreamingFile (6)
[2019.01.09-04.11.26:552][111]LogModuleManager: Shutting down and abandoning module SandboxFile (4)
[2019.01.09-04.11.26:552][111]LogModuleManager: Shutting down and abandoning module PakFile (2)
[2019.01.09-04.11.26:554][111]LogExit: Exiting.
[2019.01.09-04.11.26:560][111]Log file closed, 01/09/19 09:41:26
