Log file open, 01/01/18 05:56:52
LogInit:Display: Running engine for game: beginnersdemo
LogInit:Display: Project file not found: ../../../beginnersdemo/beginnersdemo.uproject
LogInit:Display: 	Attempting to find via project info helper.
LogUProjectInfo: Found projects:
LogPlatformFile: Not using cached read wrapper
LogInit:Display: RandInit(536195955) SRandInit(536195956).
LogTaskGraph: Started task graph with 5 named threads and 6 total threads with 1 sets of task threads.
LogStats: Stats thread started at 0.829320
LogInit: Using libcurl 7.47.1
LogInit:  - built for x86_64-pc-win32
LogInit:  - supports SSL with OpenSSL/1.0.2g
LogInit:  - supports HTTP deflate (compression) using libz 1.2.8
LogInit:  - other features:
LogInit:      CURL_VERSION_SSL
LogInit:      CURL_VERSION_LIBZ
LogInit:      CURL_VERSION_IPV6
LogInit:      CURL_VERSION_ASYNCHDNS
LogInit:      CURL_VERSION_LARGEFILE
LogInit:      CURL_VERSION_IDN
LogInit:  CurlRequestOptions (configurable via config and command line):
LogInit:  - bVerifyPeer = false  - Libcurl will NOT verify peer certificate
LogInit:  - bUseHttpProxy = false  - Libcurl will NOT use HTTP proxy
LogInit:  - bDontReuseConnections = false  - Libcurl will reuse connections
LogInit:  - CertBundlePath = nullptr  - Libcurl will use whatever was configured at build time.
LogInit: Build: ++UE4+Release-4.15-CL-3450819
LogInit: Engine Version: 4.15.3-3450819+++UE4+Release-4.15
LogInit: Compatible Engine Version: 4.15.0-3299760+++UE4+Release-4.15
LogInit: Net CL: 3299760
LogDevObjectVersion: Number of dev versions registered: 14
LogDevObjectVersion:   Dev-Blueprints (B0D832E4-1F89-4F0D-ACCF-7EB736FD4AA2): 8
LogDevObjectVersion:   Dev-Build (E1C64328-A22C-4D53-A36C-8E866417BD8C): 0
LogDevObjectVersion:   Dev-Core (375EC13C-06E4-48FB-B500-84F0262A717E): 2
LogDevObjectVersion:   Dev-Editor (E4B068ED-F494-42E9-A231-DA0B2E46BB41): 14
LogDevObjectVersion:   Dev-Framework (CFFC743F-43B0-4480-9391-14DF171D2073): 22
LogDevObjectVersion:   Dev-Mobile (B02B49B5-BB20-44E9-A304-32B752E40360): 0
LogDevObjectVersion:   Dev-Networking (A4E4105C-59A1-49B5-A7C5-40C4547EDFEE): 0
LogDevObjectVersion:   Dev-Online (39C831C9-5AE6-47DC-9A44-9C173E1C8E7C): 0
LogDevObjectVersion:   Dev-Physics (78F01B33-EBEA-4F98-B9B4-84EACCB95AA2): 0
LogDevObjectVersion:   Dev-Platform (6631380F-2D4D-43E0-8009-CF276956A95A): 0
LogDevObjectVersion:   Dev-Rendering (12F88B9F-8875-4AFC-A67C-D90C383ABD29): 12
LogDevObjectVersion:   Dev-Sequencer (7B5AE74C-D270-4C10-A958-57980B212A5A): 3
LogDevObjectVersion:   Dev-VR (D7296918-1DD6-4BDD-9DE2-64A83CC13884): 0
LogDevObjectVersion:   Dev-LoadTimes (C2A15278-BFE7-4AFE-6C17-90FF531DF755): 1
LogInit: Compiled (64-bit): May 21 2017 11:06:29
LogInit: Compiled with Visual C++: 19.00.23026.00
LogInit: Build Configuration: Development
LogInit: Branch Name: ++UE4+Release-4.15
LogInit: Command line:  
LogInit: Base directory: B:/my first game/WindowsNoEditor/Engine/Binaries/Win64/
LogInit: Installed Engine Build: 0
LogInit: Presizing for max 2097152 objects, including 0 objects not considered by GC, pre-allocating 0 bytes for permanent pool.
LogStreaming:Display: Async Loading initialized: New Async IO: false, Event Driven Loader: false, Async Loading Thread: false
LogInit: Object subsystem initialized
[2018.01.01-00.26.52:717][  0]LogInit: Selected Device Profile: [WindowsNoEditor]
[2018.01.01-00.26.52:717][  0]LogInit: Applying CVar settings loaded from the selected device profile: [WindowsNoEditor]
[2018.01.01-00.26.52:739][  0]LogInit: Computer: TEDDY
[2018.01.01-00.26.52:739][  0]LogInit: User: DJ
[2018.01.01-00.26.52:740][  0]LogInit: CPU Page size=65536, Cores=2
[2018.01.01-00.26.52:740][  0]LogInit: High frequency timer resolution =2.143565 MHz
[2018.01.01-00.26.52:740][  0]LogMemory: Memory total: Physical=3.9GB (4GB approx)
[2018.01.01-00.26.52:740][  0]LogMemory: Platform Memory Stats for WindowsNoEditor
[2018.01.01-00.26.52:740][  0]LogMemory: Process Physical Memory: 85.39 MB used, 85.39 MB peak
[2018.01.01-00.26.52:740][  0]LogMemory: Process Virtual Memory: 101.55 MB used, 101.55 MB peak
[2018.01.01-00.26.52:740][  0]LogMemory: Physical Memory: 1989.39 MB used,  1999.96 MB free, 3989.36 MB total
[2018.01.01-00.26.52:740][  0]LogMemory: Virtual Memory: 307.71 MB used,  1999.96 MB free, 134217728.00 MB total
[2018.01.01-00.26.52:986][  0]LogTextLocalizationManager: No specific translations for ('en-US') exist, so ('en') translations will be used.
[2018.01.01-00.26.53:134][  0]LogD3D11RHI: D3D11 adapters:
[2018.01.01-00.26.53:147][  0]LogD3D11RHI:    0. 'Intel(R) HD Graphics 3000' (Feature Level 10_0)
[2018.01.01-00.26.53:147][  0]LogD3D11RHI:       32/0/1632 MB DedicatedVideo/DedicatedSystem/SharedSystem, Outputs:1, VendorId:0x8086
[2018.01.01-00.26.53:153][  0]LogD3D11RHI:    1. 'Microsoft Basic Render Driver' (Feature Level 11_0)
[2018.01.01-00.26.53:153][  0]LogD3D11RHI:       0/0/256 MB DedicatedVideo/DedicatedSystem/SharedSystem, Outputs:0, VendorId:0x1414
[2018.01.01-00.26.53:153][  0]LogD3D11RHI: Chosen D3D11 Adapter: 0
[2018.01.01-00.26.53:166][  0]LogD3D11RHI: Creating new Direct3DDevice
[2018.01.01-00.26.53:166][  0]LogD3D11RHI:     GPU DeviceId: 0x116 (for the marketing name, search the web for "GPU Device Id")
[2018.01.01-00.26.53:166][  0]LogWindows: EnumDisplayDevices:
[2018.01.01-00.26.53:166][  0]LogWindows:    0. 'Intel(R) HD Graphics 3000' (P:1 D:1)
[2018.01.01-00.26.53:167][  0]LogWindows:    1. 'Intel(R) HD Graphics 3000' (P:0 D:0)
[2018.01.01-00.26.53:167][  0]LogWindows: DebugString: FoundDriverCount:2 
[2018.01.01-00.26.53:167][  0]LogD3D11RHI:     Adapter Name: Intel(R) HD Graphics 3000
[2018.01.01-00.26.53:167][  0]LogD3D11RHI:   Driver Version: 9.17.10.4229 (internal:9.17.10.4229, unified:9.17.10.4229)
[2018.01.01-00.26.53:167][  0]LogD3D11RHI:      Driver Date: 5-28-2015
[2018.01.01-00.26.53:167][  0]LogRHI: Texture pool is 593 MB (70% of 848 MB)
[2018.01.01-00.26.53:183][  0]LogD3D11RHI: Async texture creation enabled
[2018.01.01-00.26.53:230][  0]LogD3D11RHI: GPU Timing Frequency: 12.500000 (Debug: 2 1)
[2018.01.01-00.26.53:247][  0]LogSlate: Using Freetype 2.6.0
[2018.01.01-00.26.53:249][  0]LogSlate: SlateFontCache - WITH_FREETYPE: 1, WITH_HARFBUZZ: 1
[2018.01.01-00.26.53:249][  0]LogSlate: SlateFontCache - WITH_FREETYPE: 1, WITH_HARFBUZZ: 1
[2018.01.01-00.26.55:680][  0]LogAssetRegistry: FAssetRegistry took 0.0764 seconds to start up
[2018.01.01-00.26.55:717][  0]LogPackageLocalizationCache: Processed 3 localized package path(s) for 2 prioritized culture(s) in 0.014699 seconds
[2018.01.01-00.26.56:445][  0]LogContentStreaming: Texture pool size is 1000.00 MB
[2018.01.01-00.26.56:465][  0]LogInit: Selected Device Profile: [WindowsNoEditor]
[2018.01.01-00.26.57:963][  0]LogBlueprintUserMessages:Warning: DEBUG: LocalNotification DefaultPlatformService NOT FOUND
[2018.01.01-00.26.58:184][  0]LogNetVersion: GetLocalNetworkVersion: CL: 3299760, ProjectName: beginnersdemo, ProjectVersion: , EngineNetworkVersion: 2, GameNetworkVersion: 0, NetworkChecksum: 3321814463
[2018.01.01-00.26.58:785][  0]LogInit: WinSock: version 1.1 (2.2), MaxSocks=32767, MaxUdp=65467
[2018.01.01-00.26.59:297][  0]LogMoviePlayer: Initializing movie player
[2018.01.01-00.27.00:715][  0]LogUObjectArray: 28312 objects as part of root set at end of initial load.
[2018.01.01-00.27.00:715][  0]LogUObjectAllocator: 5669696 out of 0 bytes used by permanent object pool.
[2018.01.01-00.27.00:715][  0]LogUObjectArray: CloseDisregardForGC: 0/0 objects in disregard for GC pool
[2018.01.01-00.27.00:798][  0]LogEngine: Initializing Engine...
[2018.01.01-00.27.00:811][  0]LogHMD: Failed to initialize OpenVR with code 110
[2018.01.01-00.27.00:991][  0]LogStats: UGameplayTagsManager::ConstructGameplayTagTree: Construct from data asset -  0.000 s
[2018.01.01-00.27.00:999][  0]LogStats: UGameplayTagsManager::ConstructGameplayTagTree: GameplayTagTreeChangedEvent.Broadcast -  0.000 s
[2018.01.01-00.27.01:467][  0]LogInit: XAudio2 using 'Speakers (Realtek High Definition Audio)' : 2 channels at 48 kHz using 32 bits per sample (channel mask 0x3)
[2018.01.01-00.27.01:643][  0]LogInit: FAudioDevice initialized.
[2018.01.01-00.27.01:678][  0]LogInit: Texture streaming: Enabled
[2018.01.01-00.27.02:195][  0]LogInit:Display: Game Engine Initialized.
[2018.01.01-00.27.02:204][  0]LogInit:Display: Starting Game.
[2018.01.01-00.27.02:204][  0]LogNet: Browse: /Game/mycontent/demogame?Name=Player
[2018.01.01-00.27.02:208][  0]LogLoad: LoadMap: /Game/mycontent/demogame?Name=Player
[2018.01.01-00.27.02:543][  0]LogMemory: Platform Memory Stats for WindowsNoEditor
[2018.01.01-00.27.02:543][  0]LogMemory: Process Physical Memory: 171.00 MB used, 183.93 MB peak
[2018.01.01-00.27.02:543][  0]LogMemory: Process Virtual Memory: 165.08 MB used, 230.64 MB peak
[2018.01.01-00.27.02:543][  0]LogMemory: Physical Memory: 2223.59 MB used,  1765.77 MB free, 3989.36 MB total
[2018.01.01-00.27.02:543][  0]LogMemory: Virtual Memory: 473.66 MB used,  1765.77 MB free, 134217728.00 MB total
[2018.01.01-00.27.02:543][  0]LogMemory: 
[2018.01.01-00.27.02:543][  0]Allocator Stats for binned2: (not implemented)
[2018.01.01-00.27.05:056][  0]LogAIModule: Creating AISystem for world demogame
[2018.01.01-00.27.05:068][  0]LogLoad: Game class is 'mygamemode_C'
[2018.01.01-00.27.05:203][  0]LogWorld: Bringing World /Game/mycontent/demogame.demogame up for play (max tick rate 0) at 2018.01.01-05.57.05
[2018.01.01-00.27.05:313][  0]LogWorld: Bringing up level for play took: 0.222722
[2018.01.01-00.27.05:588][  0]LogLoad: Took 3.381179 seconds to LoadMap(/Game/mycontent/demogame)
[2018.01.01-00.27.05:666][  0]LogSlate: Took 0.015025 seconds to synchronously load lazily loaded font '../../../Engine/Content/EngineFonts/Faces/RobotoBold.ufont' (160K)
[2018.01.01-00.27.10:174][  0]LogRenderer: Reallocating scene render targets to support 1280x720 NumSamples 1 (Frame:2).
[2018.01.01-00.27.10:174][  0]LogLoad: (Engine Initialization) Total time: 18.93 seconds
[2018.01.01-00.27.10:174][  0]LogExternalProfiler: No external profilers were discovered.  External profiling features will not be available.
[2018.01.01-00.27.10:192][  0]LogOcInput: OculusInput pre-init called
[2018.01.01-00.27.10:302][  0]LogStreaming:Warning: Took 108.90ms to ProcessLoadedPackages
[2018.01.01-00.27.25:230][  5]LogD3D11RHI: Timed out while waiting for GPU to catch up. (0.5 s)
[2018.01.01-00.27.26:283][  6]LogD3D11RHI: Timed out while waiting for GPU to catch up. (0.5 s)
[2018.01.01-00.27.26:787][  7]LogD3D11RHI: Timed out while waiting for GPU to catch up. (0.5 s)
[2018.01.01-00.27.27:292][  7]LogD3D11RHI: Timed out while waiting for GPU to catch up. (0.5 s)
[2018.01.01-00.27.27:877][  7]LogD3D11RHI: Timed out while waiting for GPU to catch up. (0.5 s)
[2018.01.01-00.27.28:381][  8]LogD3D11RHI: Timed out while waiting for GPU to catch up. (0.5 s)
[2018.01.01-00.27.29:388][  8]LogD3D11RHI: Timed out while waiting for GPU to catch up. (0.5 s)
[2018.01.01-00.27.29:893][  9]LogD3D11RHI: Timed out while waiting for GPU to catch up. (0.5 s)
[2018.01.01-00.27.30:396][  9]LogD3D11RHI: Timed out while waiting for GPU to catch up. (0.5 s)
[2018.01.01-00.27.30:898][  9]LogD3D11RHI: Timed out while waiting for GPU to catch up. (0.5 s)
[2018.01.01-00.27.31:405][  9]LogD3D11RHI: Timed out while waiting for GPU to catch up. (0.5 s)
[2018.01.01-00.27.32:343][  9]LogD3D11RHI: Timed out while waiting for GPU to catch up. (0.5 s)
[2018.01.01-00.27.32:845][ 10]LogD3D11RHI: Timed out while waiting for GPU to catch up. (0.5 s)
[2018.01.01-00.27.33:348][ 10]LogD3D11RHI: Timed out while waiting for GPU to catch up. (0.5 s)
[2018.01.01-00.27.33:848][ 10]LogD3D11RHI: Timed out while waiting for GPU to catch up. (0.5 s)
[2018.01.01-00.27.34:348][ 10]LogD3D11RHI: Timed out while waiting for GPU to catch up. (0.5 s)
[2018.01.01-00.27.35:392][ 10]LogD3D11RHI: Timed out while waiting for GPU to catch up. (0.5 s)
[2018.01.01-00.27.35:904][ 11]LogD3D11RHI: Timed out while waiting for GPU to catch up. (0.5 s)
[2018.01.01-00.27.36:403][ 11]LogD3D11RHI: Timed out while waiting for GPU to catch up. (0.5 s)
[2018.01.01-00.27.37:465][ 11]LogD3D11RHI: Timed out while waiting for GPU to catch up. (0.5 s)
[2018.01.01-00.27.37:985][ 12]LogD3D11RHI: Timed out while waiting for GPU to catch up. (0.5 s)
[2018.01.01-00.27.38:487][ 12]LogD3D11RHI: Timed out while waiting for GPU to catch up. (0.5 s)
[2018.01.01-00.27.39:456][ 12]LogD3D11RHI: Timed out while waiting for GPU to catch up. (0.5 s)
[2018.01.01-00.27.39:957][ 13]LogD3D11RHI: Timed out while waiting for GPU to catch up. (0.5 s)
[2018.01.01-00.27.40:457][ 13]LogD3D11RHI: Timed out while waiting for GPU to catch up. (0.5 s)
[2018.01.01-00.27.43:721][ 14]LogD3D11RHI: Timed out while waiting for GPU to catch up. (0.5 s)
[2018.01.01-00.27.48:205][ 16]LogD3D11RHI: Timed out while waiting for GPU to catch up. (0.5 s)
[2018.01.01-00.27.48:707][ 17]LogD3D11RHI: Timed out while waiting for GPU to catch up. (0.5 s)
[2018.01.01-00.27.49:210][ 17]LogD3D11RHI: Timed out while waiting for GPU to catch up. (0.5 s)
[2018.01.01-00.27.50:534][ 17]LogD3D11RHI: Timed out while waiting for GPU to catch up. (0.5 s)
[2018.01.01-00.27.51:034][ 18]LogD3D11RHI: Timed out while waiting for GPU to catch up. (0.5 s)
[2018.01.01-00.28.04:800][ 21]LogD3D11RHI: Timed out while waiting for GPU to catch up. (0.5 s)
[2018.01.01-00.28.10:936][ 25]LogD3D11RHI: Timed out while waiting for GPU to catch up. (0.5 s)
[2018.01.01-00.28.11:444][ 26]LogD3D11RHI: Timed out while waiting for GPU to catch up. (0.5 s)
[2018.01.01-00.28.12:225][ 26]LogD3D11RHI: Timed out while waiting for GPU to catch up. (0.5 s)
[2018.01.01-00.28.12:226][ 26]LogHttp:Warning: 0000006DA7D3FE80: request failed, libcurl error: 6 (Couldn't resolve host name)
[2018.01.01-00.28.12:226][ 26]LogHttp:Warning: 0000006DA7D3FE80: libcurl info message cache 0 (Could not resolve host: datarouter.ol.epicgames.com)
[2018.01.01-00.28.12:226][ 26]LogHttp:Warning: 0000006DA7D3FE80: libcurl info message cache 1 (Closing connection 0)
[2018.01.01-00.28.12:730][ 27]LogD3D11RHI: Timed out while waiting for GPU to catch up. (0.5 s)
[2018.01.01-00.28.13:677][ 27]LogD3D11RHI: Timed out while waiting for GPU to catch up. (0.5 s)
[2018.01.01-00.28.14:184][ 28]LogD3D11RHI: Timed out while waiting for GPU to catch up. (0.5 s)
[2018.01.01-00.28.15:047][ 28]LogD3D11RHI: Timed out while waiting for GPU to catch up. (0.5 s)
[2018.01.01-00.28.15:549][ 29]LogD3D11RHI: Timed out while waiting for GPU to catch up. (0.5 s)
[2018.01.01-00.28.16:191][ 29]LogD3D11RHI: Timed out while waiting for GPU to catch up. (0.5 s)
[2018.01.01-00.28.17:224][ 30]LogD3D11RHI: Timed out while waiting for GPU to catch up. (0.5 s)
[2018.01.01-00.28.17:736][ 31]LogD3D11RHI: Timed out while waiting for GPU to catch up. (0.5 s)
[2018.01.01-00.28.18:304][ 31]LogD3D11RHI: Timed out while waiting for GPU to catch up. (0.5 s)
[2018.01.01-00.28.18:805][ 32]LogD3D11RHI: Timed out while waiting for GPU to catch up. (0.5 s)
[2018.01.01-00.28.19:468][ 32]LogD3D11RHI: Timed out while waiting for GPU to catch up. (0.5 s)
[2018.01.01-00.28.19:970][ 33]LogD3D11RHI: Timed out while waiting for GPU to catch up. (0.5 s)
[2018.01.01-00.28.20:582][ 33]LogD3D11RHI: Timed out while waiting for GPU to catch up. (0.5 s)
[2018.01.01-00.28.21:087][ 34]LogD3D11RHI: Timed out while waiting for GPU to catch up. (0.5 s)
[2018.01.01-00.28.24:744][ 37]LogD3D11RHI: Timed out while waiting for GPU to catch up. (0.5 s)
[2018.01.01-00.28.25:652][ 38]LogD3D11RHI: Timed out while waiting for GPU to catch up. (0.5 s)
[2018.01.01-00.28.28:575][ 41]LogD3D11RHI: Timed out while waiting for GPU to catch up. (0.5 s)
[2018.01.01-00.28.32:343][ 45]LogD3D11RHI: Timed out while waiting for GPU to catch up. (0.5 s)
[2018.01.01-00.28.33:294][ 46]LogD3D11RHI: Timed out while waiting for GPU to catch up. (0.5 s)
[2018.01.01-00.28.34:255][ 47]LogD3D11RHI: Timed out while waiting for GPU to catch up. (0.5 s)
[2018.01.01-00.28.35:021][ 48]LogD3D11RHI: Timed out while waiting for GPU to catch up. (0.5 s)
[2018.01.01-00.28.35:931][ 49]LogD3D11RHI: Timed out while waiting for GPU to catch up. (0.5 s)
[2018.01.01-00.28.36:799][ 50]LogD3D11RHI: Timed out while waiting for GPU to catch up. (0.5 s)
[2018.01.01-00.28.37:645][ 51]LogD3D11RHI: Timed out while waiting for GPU to catch up. (0.5 s)
[2018.01.01-00.28.38:491][ 52]LogD3D11RHI: Timed out while waiting for GPU to catch up. (0.5 s)
[2018.01.01-00.28.39:385][ 53]LogD3D11RHI: Timed out while waiting for GPU to catch up. (0.5 s)
[2018.01.01-00.28.40:228][ 54]LogD3D11RHI: Timed out while waiting for GPU to catch up. (0.5 s)
[2018.01.01-00.28.41:088][ 55]LogD3D11RHI: Timed out while waiting for GPU to catch up. (0.5 s)
[2018.01.01-00.28.41:998][ 56]LogD3D11RHI: Timed out while waiting for GPU to catch up. (0.5 s)
[2018.01.01-00.28.42:855][ 57]LogD3D11RHI: Timed out while waiting for GPU to catch up. (0.5 s)
[2018.01.01-00.28.43:718][ 58]LogD3D11RHI: Timed out while waiting for GPU to catch up. (0.5 s)
[2018.01.01-00.28.44:560][ 59]LogD3D11RHI: Timed out while waiting for GPU to catch up. (0.5 s)
[2018.01.01-00.28.45:404][ 60]LogD3D11RHI: Timed out while waiting for GPU to catch up. (0.5 s)
[2018.01.01-00.28.46:254][ 61]LogD3D11RHI: Timed out while waiting for GPU to catch up. (0.5 s)
[2018.01.01-00.28.47:094][ 62]LogD3D11RHI: Timed out while waiting for GPU to catch up. (0.5 s)
[2018.01.01-00.28.47:965][ 63]LogD3D11RHI: Timed out while waiting for GPU to catch up. (0.5 s)
[2018.01.01-00.28.48:861][ 64]LogD3D11RHI: Timed out while waiting for GPU to catch up. (0.5 s)
[2018.01.01-00.28.49:694][ 65]LogD3D11RHI: Timed out while waiting for GPU to catch up. (0.5 s)
[2018.01.01-00.28.50:569][ 66]LogD3D11RHI: Timed out while waiting for GPU to catch up. (0.5 s)
[2018.01.01-00.28.51:447][ 67]LogD3D11RHI: Timed out while waiting for GPU to catch up. (0.5 s)
[2018.01.01-00.28.52:325][ 68]LogD3D11RHI: Timed out while waiting for GPU to catch up. (0.5 s)
[2018.01.01-00.28.53:160][ 69]LogD3D11RHI: Timed out while waiting for GPU to catch up. (0.5 s)
[2018.01.01-00.28.54:032][ 70]LogD3D11RHI: Timed out while waiting for GPU to catch up. (0.5 s)
[2018.01.01-00.28.54:937][ 71]LogD3D11RHI: Timed out while waiting for GPU to catch up. (0.5 s)
[2018.01.01-00.28.55:502][ 72]LogD3D11RHI: Timed out while waiting for GPU to catch up. (0.5 s)
[2018.01.01-00.28.56:041][ 73]LogD3D11RHI: Timed out while waiting for GPU to catch up. (0.5 s)
[2018.01.01-00.28.57:742][ 74]LogD3D11RHI: Timed out while waiting for GPU to catch up. (0.5 s)
[2018.01.01-00.28.58:493][ 75]LogD3D11RHI: Timed out while waiting for GPU to catch up. (0.5 s)
[2018.01.01-00.29.00:457][ 76]LogD3D11RHI: Timed out while waiting for GPU to catch up. (0.5 s)
[2018.01.01-00.29.01:428][ 77]LogD3D11RHI: Timed out while waiting for GPU to catch up. (0.5 s)
[2018.01.01-00.29.03:417][ 78]LogD3D11RHI: Timed out while waiting for GPU to catch up. (0.5 s)
[2018.01.01-00.29.03:417][ 78]LogSlate: Request Window 'Beginner Demo (64-bit, PCD3D_SM4)' being destroyed
[2018.01.01-00.29.04:498][ 78]LogD3D11RHI: Timed out while waiting for GPU to catch up. (0.5 s)
[2018.01.01-00.29.04:526][ 78]LogSlate: Window 'Beginner Demo (64-bit, PCD3D_SM4)' being destroyed
[2018.01.01-00.29.04:527][ 78]LogWindowsTextInputMethodSystem:Display: IME system now deactivated.
[2018.01.01-00.29.04:536][ 78]LogSlate: HittestGrid destroyed
[2018.01.01-00.29.04:537][ 78]LogEngine: All Windows Closed
[2018.01.01-00.29.04:538][ 78]LogWindows: FPlatformMisc::RequestExit(0)
[2018.01.01-00.29.04:538][ 79]LogMoviePlayer: Shutting down movie player
[2018.01.01-00.29.05:929][ 79]LogExit: Preparing to exit.
[2018.01.01-00.29.05:973][ 79]LogExit: Game engine shut down
[2018.01.01-00.29.06:094][ 79]LogObj: Freed 656b from 1 cluster array pools.
[2018.01.01-00.29.06:094][ 79]LogExit: Object subsystem successfully closed.
[2018.01.01-00.29.06:112][ 79]LogD3D11RHI: Shutdown
[2018.01.01-00.29.06:112][ 79]LogD3D11RHI: CleanupD3DDevice
[2018.01.01-00.29.07:035][ 79]LogD3D11RHI: ~FD3D11DynamicRHI
[2018.01.01-00.29.07:035][ 79]LogModuleManager: Shutting down and abandoning module AutomationController (144)
[2018.01.01-00.29.07:035][ 79]LogModuleManager: Shutting down and abandoning module AutomationWorker (142)
[2018.01.01-00.29.07:036][ 79]LogModuleManager: Shutting down and abandoning module AIModule (140)
[2018.01.01-00.29.07:036][ 79]LogModuleManager: Shutting down and abandoning module GameplayDebugger (139)
[2018.01.01-00.29.07:036][ 79]LogModuleManager: Shutting down and abandoning module WmfMediaFactory (136)
[2018.01.01-00.29.07:036][ 79]LogModuleManager: Shutting down and abandoning module MfMediaFactory (134)
[2018.01.01-00.29.07:036][ 79]LogModuleManager: Shutting down and abandoning module AvfMediaFactory (132)
[2018.01.01-00.29.07:036][ 79]LogModuleManager: Shutting down and abandoning module AndroidMediaFactory (130)
[2018.01.01-00.29.07:036][ 79]LogModuleManager: Shutting down and abandoning module Media (129)
[2018.01.01-00.29.07:036][ 79]LogModuleManager: Shutting down and abandoning module CharacterAI (126)
[2018.01.01-00.29.07:036][ 79]LogModuleManager: Shutting down and abandoning module SessionServices (124)
[2018.01.01-00.29.07:036][ 79]LogModuleManager: Shutting down and abandoning module GeometryCache (122)
[2018.01.01-00.29.07:036][ 79]LogModuleManager: Shutting down and abandoning module Niagara (120)
[2018.01.01-00.29.07:036][ 79]LogModuleManager: Shutting down and abandoning module StreamingPauseRendering (118)
[2018.01.01-00.29.07:036][ 79]LogModuleManager: Shutting down and abandoning module AnalyticsET (116)
[2018.01.01-00.29.07:036][ 79]LogModuleManager: Shutting down and abandoning module ProfilerService (114)
[2018.01.01-00.29.07:192][ 79]LogModuleManager: Shutting down and abandoning module TaskGraph (112)
[2018.01.01-00.29.07:192][ 79]LogModuleManager: Shutting down and abandoning module SteamVRController (110)
[2018.01.01-00.29.07:192][ 79]LogModuleManager: Shutting down and abandoning module SteamVR (108)
[2018.01.01-00.29.07:192][ 79]LogModuleManager: Shutting down and abandoning module ProceduralMeshComponent (106)
[2018.01.01-00.29.07:192][ 79]LogModuleManager: Shutting down and abandoning module OculusLibrary (104)
[2018.01.01-00.29.07:192][ 79]LogModuleManager: Shutting down and abandoning module OculusInput (102)
[2018.01.01-00.29.07:192][ 79]LogModuleManager: Shutting down and abandoning module MobilePatchingUtils (100)
[2018.01.01-00.29.07:192][ 79]LogModuleManager: Shutting down and abandoning module CustomMeshComponent (98)
[2018.01.01-00.29.07:192][ 79]LogModuleManager: Shutting down and abandoning module CableComponent (96)
[2018.01.01-00.29.07:192][ 79]LogModuleManager: Shutting down and abandoning module ArchVisCharacter (94)
[2018.01.01-00.29.07:192][ 79]LogModuleManager: Shutting down and abandoning module HTML5Networking (90)
[2018.01.01-00.29.07:192][ 79]LogModuleManager: Shutting down and abandoning module PhysXVehicles (88)
[2018.01.01-00.29.07:192][ 79]LogModuleManager: Shutting down and abandoning module LocationServicesBPLibrary (86)
[2018.01.01-00.29.07:192][ 79]LogModuleManager: Shutting down and abandoning module UdpMessaging (84)
[2018.01.01-00.29.07:192][ 79]LogModuleManager: Shutting down and abandoning module TcpMessaging (82)
[2018.01.01-00.29.07:192][ 79]LogModuleManager: Shutting down and abandoning module FacialAnimation (80)
[2018.01.01-00.29.07:192][ 79]LogModuleManager: Shutting down and abandoning module LightPropagationVolumeRuntime (78)
[2018.01.01-00.29.07:192][ 79]LogModuleManager: Shutting down and abandoning module Paper2D (76)
[2018.01.01-00.29.07:192][ 79]LogModuleManager: Shutting down and abandoning module WindowsMoviePlayer (74)
[2018.01.01-00.29.07:193][ 79]LogModuleManager: Shutting down and abandoning module WmfMedia (72)
[2018.01.01-00.29.07:193][ 79]LogModuleManager: Shutting down and abandoning module MfMedia (70)
[2018.01.01-00.29.07:193][ 79]LogModuleManager: Shutting down and abandoning module MediaAssets (68)
[2018.01.01-00.29.07:193][ 79]LogModuleManager: Shutting down and abandoning module GameLiveStreaming (66)
[2018.01.01-00.29.07:193][ 79]LogModuleManager: Shutting down and abandoning module UMG (64)
[2018.01.01-00.29.07:193][ 79]LogModuleManager: Shutting down and abandoning module SlateReflector (62)
[2018.01.01-00.29.07:194][ 79]LogModuleManager: Shutting down and abandoning module Slate (60)
[2018.01.01-00.29.07:194][ 79]LogModuleManager: Shutting down and abandoning module Messaging (58)
[2018.01.01-00.29.07:194][ 79]LogModuleManager: Shutting down and abandoning module HeadMountedDisplay (56)
[2018.01.01-00.29.07:194][ 79]LogModuleManager: Shutting down and abandoning module XAudio2 (54)
[2018.01.01-00.29.07:194][ 79]LogModuleManager: Shutting down and abandoning module Networking (52)
[2018.01.01-00.29.07:194][ 79]LogModuleManager: Shutting down and abandoning module Core (48)
[2018.01.01-00.29.07:194][ 79]LogModuleManager: Shutting down and abandoning module AssetRegistry (46)
[2018.01.01-00.29.07:196][ 79]LogModuleManager: Shutting down and abandoning module ImageWrapper (44)
[2018.01.01-00.29.07:196][ 79]LogModuleManager: Shutting down and abandoning module InputCore (42)
[2018.01.01-00.29.07:196][ 79]LogModuleManager: Shutting down and abandoning module OculusRift (40)
[2018.01.01-00.29.07:196][ 79]LogModuleManager: Shutting down and abandoning module GearVR (38)
[2018.01.01-00.29.07:196][ 79]LogModuleManager: Shutting down and abandoning module ExampleDeviceProfileSelector (36)
[2018.01.01-00.29.07:196][ 79]LogModuleManager: Shutting down and abandoning module OnlineSubsystem (32)
[2018.01.01-00.29.07:197][ 79]LogOnline:Display: Unloading online subsystem: NULL
[2018.01.01-00.29.07:197][ 79]LogModuleManager: Shutting down and abandoning module HTTP (31)
[2018.01.01-00.29.07:197][ 79]LogHttp:Display: Http module shutting down, but needs to wait on 1 outstanding Http requests:
[2018.01.01-00.29.07:197][ 79]LogHttp:Display: 	verb=[POST] url=[https://datarouter.ol.epicgames.com/datarouter/api/v1/public/data?SessionID=%7BDCE831F2-466A-A51C-F96D-3987A0B5B212%7D&AppID=UEGame.Rocket.Release%7CE5D692184515A6C7E623F896CCD680F9%7CDemo%20Project&AppVersion=4.15.3-3450819%2B%2B%2BUE4%2BRelease-4.15&UserID=ANON-%7BF7E27B69-433A-03C4-D301-2CBEBA953558%7D%7C%7C&AppEnvironment=datacollector-binary&UploadType=eteventstream] status=Processing
[2018.01.01-00.29.07:197][ 79]LogHttp:Warning: 0000006DAB201F00: request failed, libcurl error: 6 (Couldn't resolve host name)
[2018.01.01-00.29.07:197][ 79]LogHttp:Warning: 0000006DAB201F00: libcurl info message cache 0 (Could not resolve host: datarouter.ol.epicgames.com)
[2018.01.01-00.29.07:197][ 79]LogHttp:Warning: 0000006DAB201F00: libcurl info message cache 1 (Closing connection 1)
[2018.01.01-00.29.07:215][ 79]LogModuleManager: Shutting down and abandoning module SSL (30)
[2018.01.01-00.29.07:215][ 79]LogModuleManager: Shutting down and abandoning module ShaderCore (26)
[2018.01.01-00.29.07:215][ 79]LogModuleManager: Shutting down and abandoning module Landscape (24)
[2018.01.01-00.29.07:215][ 79]LogModuleManager: Shutting down and abandoning module SlateRHIRenderer (22)
[2018.01.01-00.29.07:216][ 79]LogModuleManager: Shutting down and abandoning module OpenGLDrv (20)
[2018.01.01-00.29.07:216][ 79]LogModuleManager: Shutting down and abandoning module D3D11RHI (18)
[2018.01.01-00.29.07:216][ 79]LogModuleManager: Shutting down and abandoning module AnimGraphRuntime (16)
[2018.01.01-00.29.07:216][ 79]LogModuleManager: Shutting down and abandoning module Renderer (14)
[2018.01.01-00.29.07:216][ 79]LogModuleManager: Shutting down and abandoning module Engine (12)
[2018.01.01-00.29.07:216][ 79]LogModuleManager: Shutting down and abandoning module CoreUObject (10)
[2018.01.01-00.29.07:216][ 79]LogModuleManager: Shutting down and abandoning module NetworkFile (8)
[2018.01.01-00.29.07:216][ 79]LogModuleManager: Shutting down and abandoning module StreamingFile (6)
[2018.01.01-00.29.07:216][ 79]LogModuleManager: Shutting down and abandoning module SandboxFile (4)
[2018.01.01-00.29.07:216][ 79]LogModuleManager: Shutting down and abandoning module PakFile (2)
[2018.01.01-00.29.07:218][ 79]LogExit: Exiting.
[2018.01.01-00.29.07:221][ 79]Log file closed, 01/01/18 05:59:07
