Log file open, 07/08/18 13:12:22
LogInit:Display: Running engine for game: beginnersdemo
LogInit:Display: Project file not found: ../../../beginnersdemo/beginnersdemo.uproject
LogInit:Display: 	Attempting to find via project info helper.
LogUProjectInfo: Found projects:
LogPlatformFile: Not using cached read wrapper
LogInit:Display: RandInit(-272207028) SRandInit(-272207028).
LogTaskGraph: Started task graph with 5 named threads and 6 total threads with 1 sets of task threads.
LogStats: Stats thread started at 1.032654
LogInit: Using libcurl 7.47.1
LogInit:  - built for x86_64-pc-win32
LogInit:  - supports SSL with OpenSSL/1.0.2g
LogInit:  - supports HTTP deflate (compression) using libz 1.2.8
LogInit:  - other features:
LogInit:      CURL_VERSION_SSL
LogInit:      CURL_VERSION_LIBZ
LogInit:      CURL_VERSION_IPV6
LogInit:      CURL_VERSION_ASYNCHDNS
LogInit:      CURL_VERSION_LARGEFILE
LogInit:      CURL_VERSION_IDN
LogInit:  CurlRequestOptions (configurable via config and command line):
LogInit:  - bVerifyPeer = false  - Libcurl will NOT verify peer certificate
LogInit:  - bUseHttpProxy = false  - Libcurl will NOT use HTTP proxy
LogInit:  - bDontReuseConnections = false  - Libcurl will reuse connections
LogInit:  - CertBundlePath = nullptr  - Libcurl will use whatever was configured at build time.
LogInit: Build: ++UE4+Release-4.15-CL-3450819
LogInit: Engine Version: 4.15.3-3450819+++UE4+Release-4.15
LogInit: Compatible Engine Version: 4.15.0-3299760+++UE4+Release-4.15
LogInit: Net CL: 3299760
LogDevObjectVersion: Number of dev versions registered: 14
LogDevObjectVersion:   Dev-Blueprints (B0D832E4-1F89-4F0D-ACCF-7EB736FD4AA2): 8
LogDevObjectVersion:   Dev-Build (E1C64328-A22C-4D53-A36C-8E866417BD8C): 0
LogDevObjectVersion:   Dev-Core (375EC13C-06E4-48FB-B500-84F0262A717E): 2
LogDevObjectVersion:   Dev-Editor (E4B068ED-F494-42E9-A231-DA0B2E46BB41): 14
LogDevObjectVersion:   Dev-Framework (CFFC743F-43B0-4480-9391-14DF171D2073): 22
LogDevObjectVersion:   Dev-Mobile (B02B49B5-BB20-44E9-A304-32B752E40360): 0
LogDevObjectVersion:   Dev-Networking (A4E4105C-59A1-49B5-A7C5-40C4547EDFEE): 0
LogDevObjectVersion:   Dev-Online (39C831C9-5AE6-47DC-9A44-9C173E1C8E7C): 0
LogDevObjectVersion:   Dev-Physics (78F01B33-EBEA-4F98-B9B4-84EACCB95AA2): 0
LogDevObjectVersion:   Dev-Platform (6631380F-2D4D-43E0-8009-CF276956A95A): 0
LogDevObjectVersion:   Dev-Rendering (12F88B9F-8875-4AFC-A67C-D90C383ABD29): 12
LogDevObjectVersion:   Dev-Sequencer (7B5AE74C-D270-4C10-A958-57980B212A5A): 3
LogDevObjectVersion:   Dev-VR (D7296918-1DD6-4BDD-9DE2-64A83CC13884): 0
LogDevObjectVersion:   Dev-LoadTimes (C2A15278-BFE7-4AFE-6C17-90FF531DF755): 1
LogInit: Compiled (64-bit): May 21 2017 11:06:29
LogInit: Compiled with Visual C++: 19.00.23026.00
LogInit: Build Configuration: Development
LogInit: Branch Name: ++UE4+Release-4.15
LogInit: Command line:  
LogInit: Base directory: B:/my first game/WindowsNoEditor/Engine/Binaries/Win64/
LogInit: Installed Engine Build: 0
LogInit: Presizing for max 2097152 objects, including 0 objects not considered by GC, pre-allocating 0 bytes for permanent pool.
LogStreaming:Display: Async Loading initialized: New Async IO: false, Event Driven Loader: false, Async Loading Thread: false
LogInit: Object subsystem initialized
[2018.07.08-07.42.22:279][  0]LogInit: Selected Device Profile: [WindowsNoEditor]
[2018.07.08-07.42.22:279][  0]LogInit: Applying CVar settings loaded from the selected device profile: [WindowsNoEditor]
[2018.07.08-07.42.22:325][  0]LogInit: Computer: TEDDY
[2018.07.08-07.42.22:325][  0]LogInit: User: DJ
[2018.07.08-07.42.22:325][  0]LogInit: CPU Page size=65536, Cores=2
[2018.07.08-07.42.22:325][  0]LogInit: High frequency timer resolution =2.143567 MHz
[2018.07.08-07.42.22:326][  0]LogMemory: Memory total: Physical=3.9GB (4GB approx)
[2018.07.08-07.42.22:326][  0]LogMemory: Platform Memory Stats for WindowsNoEditor
[2018.07.08-07.42.22:326][  0]LogMemory: Process Physical Memory: 88.12 MB used, 88.12 MB peak
[2018.07.08-07.42.22:326][  0]LogMemory: Process Virtual Memory: 101.57 MB used, 101.57 MB peak
[2018.07.08-07.42.22:326][  0]LogMemory: Physical Memory: 2193.62 MB used,  1795.73 MB free, 3989.36 MB total
[2018.07.08-07.42.22:327][  0]LogMemory: Virtual Memory: 4455.43 MB used,  1795.73 MB free, 134217728.00 MB total
[2018.07.08-07.42.23:715][  0]LogTextLocalizationManager: No specific translations for ('en-US') exist, so ('en') translations will be used.
[2018.07.08-07.42.24:173][  0]LogD3D11RHI: D3D11 adapters:
[2018.07.08-07.42.24:187][  0]LogD3D11RHI:    0. 'Intel(R) HD Graphics 3000' (Feature Level 10_0)
[2018.07.08-07.42.24:187][  0]LogD3D11RHI:       32/0/1632 MB DedicatedVideo/DedicatedSystem/SharedSystem, Outputs:1, VendorId:0x8086
[2018.07.08-07.42.24:197][  0]LogD3D11RHI:    1. 'Microsoft Basic Render Driver' (Feature Level 11_0)
[2018.07.08-07.42.24:197][  0]LogD3D11RHI:       0/0/1994 MB DedicatedVideo/DedicatedSystem/SharedSystem, Outputs:0, VendorId:0x1414
[2018.07.08-07.42.24:197][  0]LogD3D11RHI: Chosen D3D11 Adapter: 0
[2018.07.08-07.42.24:214][  0]LogD3D11RHI: Creating new Direct3DDevice
[2018.07.08-07.42.24:214][  0]LogD3D11RHI:     GPU DeviceId: 0x116 (for the marketing name, search the web for "GPU Device Id")
[2018.07.08-07.42.24:214][  0]LogWindows: EnumDisplayDevices:
[2018.07.08-07.42.24:215][  0]LogWindows:    0. 'Intel(R) HD Graphics 3000' (P:1 D:1)
[2018.07.08-07.42.24:216][  0]LogWindows:    1. 'Intel(R) HD Graphics 3000' (P:0 D:0)
[2018.07.08-07.42.24:216][  0]LogWindows: DebugString: GetVideoDriverDetailsInvalid PrimaryIsNotTheChoosenAdapter GetVideoDriverDetailsInvalid PrimaryIsNotTheChoosenAdapter FoundDriverCount:0 
[2018.07.08-07.42.24:216][  0]LogD3D11RHI:     Adapter Name: Intel(R) HD Graphics 3000
[2018.07.08-07.42.24:216][  0]LogD3D11RHI:   Driver Version: Unknown (internal:Unknown, unified:Unknown)
[2018.07.08-07.42.24:216][  0]LogD3D11RHI:      Driver Date: Unknown
[2018.07.08-07.42.24:216][  0]LogRHI: Texture pool is 593 MB (70% of 848 MB)
[2018.07.08-07.42.24:251][  0]LogD3D11RHI: Async texture creation enabled
[2018.07.08-07.42.24:326][  0]LogD3D11RHI: GPU Timing Frequency: 12.500000 (Debug: 2 1)
[2018.07.08-07.42.24:380][  0]LogSlate: Using Freetype 2.6.0
[2018.07.08-07.42.24:405][  0]LogSlate: SlateFontCache - WITH_FREETYPE: 1, WITH_HARFBUZZ: 1
[2018.07.08-07.42.24:405][  0]LogSlate: SlateFontCache - WITH_FREETYPE: 1, WITH_HARFBUZZ: 1
[2018.07.08-07.42.25:207][  0]LogAssetRegistry: FAssetRegistry took 0.0467 seconds to start up
[2018.07.08-07.42.25:221][  0]LogPackageLocalizationCache: Processed 3 localized package path(s) for 2 prioritized culture(s) in 0.013276 seconds
[2018.07.08-07.42.25:264][  0]LogContentStreaming: Texture pool size is 1000.00 MB
[2018.07.08-07.42.25:264][  0]LogInit: Selected Device Profile: [WindowsNoEditor]
[2018.07.08-07.42.25:510][  0]LogBlueprintUserMessages:Warning: DEBUG: LocalNotification DefaultPlatformService NOT FOUND
[2018.07.08-07.42.25:563][  0]LogNetVersion: GetLocalNetworkVersion: CL: 3299760, ProjectName: beginnersdemo, ProjectVersion: , EngineNetworkVersion: 2, GameNetworkVersion: 0, NetworkChecksum: 3321814463
[2018.07.08-07.42.25:829][  0]LogInit: WinSock: version 1.1 (2.2), MaxSocks=32767, MaxUdp=65467
[2018.07.08-07.42.26:009][  0]LogMoviePlayer: Initializing movie player
[2018.07.08-07.42.26:330][  0]LogUObjectArray: 28312 objects as part of root set at end of initial load.
[2018.07.08-07.42.26:330][  0]LogUObjectAllocator: 5669696 out of 0 bytes used by permanent object pool.
[2018.07.08-07.42.26:330][  0]LogUObjectArray: CloseDisregardForGC: 0/0 objects in disregard for GC pool
[2018.07.08-07.42.26:350][  0]LogEngine: Initializing Engine...
[2018.07.08-07.42.26:357][  0]LogHMD: Failed to initialize OpenVR with code 110
[2018.07.08-07.42.26:499][  0]LogStats: UGameplayTagsManager::ConstructGameplayTagTree: Construct from data asset -  0.000 s
[2018.07.08-07.42.26:500][  0]LogStats: UGameplayTagsManager::ConstructGameplayTagTree: GameplayTagTreeChangedEvent.Broadcast -  0.000 s
[2018.07.08-07.42.26:912][  0]LogInit: XAudio2 using 'Speakers (Realtek High Definition Audio)' : 2 channels at 48 kHz using 32 bits per sample (channel mask 0x3)
[2018.07.08-07.42.27:119][  0]LogInit: FAudioDevice initialized.
[2018.07.08-07.42.27:137][  0]LogInit: Texture streaming: Enabled
[2018.07.08-07.42.27:165][  0]LogInit:Display: Game Engine Initialized.
[2018.07.08-07.42.27:166][  0]LogInit:Display: Starting Game.
[2018.07.08-07.42.27:167][  0]LogNet: Browse: /Game/mycontent/demogame?Name=Player
[2018.07.08-07.42.27:167][  0]LogLoad: LoadMap: /Game/mycontent/demogame?Name=Player
[2018.07.08-07.42.27:248][  0]LogMemory: Platform Memory Stats for WindowsNoEditor
[2018.07.08-07.42.27:248][  0]LogMemory: Process Physical Memory: 176.65 MB used, 189.79 MB peak
[2018.07.08-07.42.27:248][  0]LogMemory: Process Virtual Memory: 161.80 MB used, 231.29 MB peak
[2018.07.08-07.42.27:248][  0]LogMemory: Physical Memory: 2293.71 MB used,  1695.64 MB free, 3989.36 MB total
[2018.07.08-07.42.27:248][  0]LogMemory: Virtual Memory: 4618.93 MB used,  1695.64 MB free, 134217728.00 MB total
[2018.07.08-07.42.27:248][  0]LogMemory: 
[2018.07.08-07.42.27:248][  0]Allocator Stats for binned2: (not implemented)
[2018.07.08-07.42.28:867][  0]LogAIModule: Creating AISystem for world demogame
[2018.07.08-07.42.28:878][  0]LogLoad: Game class is 'mygamemode_C'
[2018.07.08-07.42.28:899][  0]LogWorld: Bringing World /Game/mycontent/demogame.demogame up for play (max tick rate 0) at 2018.07.08-13.12.28
[2018.07.08-07.42.28:908][  0]LogWorld: Bringing up level for play took: 0.027539
[2018.07.08-07.42.28:936][  0]LogLoad: Took 1.768808 seconds to LoadMap(/Game/mycontent/demogame)
[2018.07.08-07.42.29:002][  0]LogSlate: Took 0.064049 seconds to synchronously load lazily loaded font '../../../Engine/Content/EngineFonts/Faces/RobotoBold.ufont' (160K)
[2018.07.08-07.42.30:291][  0]LogLoad: (Engine Initialization) Total time: 10.04 seconds
[2018.07.08-07.42.30:291][  0]LogExternalProfiler: No external profilers were discovered.  External profiling features will not be available.
[2018.07.08-07.42.30:309][  0]LogOcInput: OculusInput pre-init called
[2018.07.08-07.42.30:669][  2]LogRenderer: Reallocating scene render targets to support 1280x720 NumSamples 1 (Frame:2).
[2018.07.08-07.42.53:349][104]LogSlate: Request Window 'Beginner Demo (64-bit, PCD3D_SM4)' being destroyed
[2018.07.08-07.42.53:541][104]LogSlate: Window 'Beginner Demo (64-bit, PCD3D_SM4)' being destroyed
[2018.07.08-07.42.53:545][104]LogWindowsTextInputMethodSystem:Display: IME system now deactivated.
[2018.07.08-07.42.53:586][104]LogSlate: HittestGrid destroyed
[2018.07.08-07.42.53:594][105]LogEngine: All Windows Closed
[2018.07.08-07.42.53:595][105]LogWindows: FPlatformMisc::RequestExit(0)
[2018.07.08-07.42.53:597][106]LogMoviePlayer: Shutting down movie player
[2018.07.08-07.42.54:581][106]LogExit: Preparing to exit.
[2018.07.08-07.42.54:628][106]LogExit: Game engine shut down
[2018.07.08-07.42.54:747][106]LogObj: Freed 656b from 1 cluster array pools.
[2018.07.08-07.42.54:747][106]LogExit: Object subsystem successfully closed.
[2018.07.08-07.42.54:776][106]LogD3D11RHI: Shutdown
[2018.07.08-07.42.54:776][106]LogD3D11RHI: CleanupD3DDevice
[2018.07.08-07.42.55:239][106]LogD3D11RHI: ~FD3D11DynamicRHI
[2018.07.08-07.42.55:240][106]LogModuleManager: Shutting down and abandoning module AutomationController (144)
[2018.07.08-07.42.55:240][106]LogModuleManager: Shutting down and abandoning module AutomationWorker (142)
[2018.07.08-07.42.55:240][106]LogModuleManager: Shutting down and abandoning module AIModule (140)
[2018.07.08-07.42.55:240][106]LogModuleManager: Shutting down and abandoning module GameplayDebugger (139)
[2018.07.08-07.42.55:240][106]LogModuleManager: Shutting down and abandoning module WmfMediaFactory (136)
[2018.07.08-07.42.55:240][106]LogModuleManager: Shutting down and abandoning module MfMediaFactory (134)
[2018.07.08-07.42.55:240][106]LogModuleManager: Shutting down and abandoning module AvfMediaFactory (132)
[2018.07.08-07.42.55:240][106]LogModuleManager: Shutting down and abandoning module AndroidMediaFactory (130)
[2018.07.08-07.42.55:240][106]LogModuleManager: Shutting down and abandoning module Media (129)
[2018.07.08-07.42.55:240][106]LogModuleManager: Shutting down and abandoning module CharacterAI (126)
[2018.07.08-07.42.55:240][106]LogModuleManager: Shutting down and abandoning module SessionServices (124)
[2018.07.08-07.42.55:240][106]LogModuleManager: Shutting down and abandoning module GeometryCache (122)
[2018.07.08-07.42.55:240][106]LogModuleManager: Shutting down and abandoning module Niagara (120)
[2018.07.08-07.42.55:240][106]LogModuleManager: Shutting down and abandoning module StreamingPauseRendering (118)
[2018.07.08-07.42.55:240][106]LogModuleManager: Shutting down and abandoning module AnalyticsET (116)
[2018.07.08-07.42.55:240][106]LogModuleManager: Shutting down and abandoning module ProfilerService (114)
[2018.07.08-07.42.55:382][106]LogModuleManager: Shutting down and abandoning module TaskGraph (112)
[2018.07.08-07.42.55:383][106]LogModuleManager: Shutting down and abandoning module SteamVRController (110)
[2018.07.08-07.42.55:383][106]LogModuleManager: Shutting down and abandoning module SteamVR (108)
[2018.07.08-07.42.55:383][106]LogModuleManager: Shutting down and abandoning module ProceduralMeshComponent (106)
[2018.07.08-07.42.55:383][106]LogModuleManager: Shutting down and abandoning module OculusLibrary (104)
[2018.07.08-07.42.55:383][106]LogModuleManager: Shutting down and abandoning module OculusInput (102)
[2018.07.08-07.42.55:383][106]LogModuleManager: Shutting down and abandoning module MobilePatchingUtils (100)
[2018.07.08-07.42.55:383][106]LogModuleManager: Shutting down and abandoning module CustomMeshComponent (98)
[2018.07.08-07.42.55:383][106]LogModuleManager: Shutting down and abandoning module CableComponent (96)
[2018.07.08-07.42.55:383][106]LogModuleManager: Shutting down and abandoning module ArchVisCharacter (94)
[2018.07.08-07.42.55:383][106]LogModuleManager: Shutting down and abandoning module HTML5Networking (90)
[2018.07.08-07.42.55:383][106]LogModuleManager: Shutting down and abandoning module PhysXVehicles (88)
[2018.07.08-07.42.55:383][106]LogModuleManager: Shutting down and abandoning module LocationServicesBPLibrary (86)
[2018.07.08-07.42.55:383][106]LogModuleManager: Shutting down and abandoning module UdpMessaging (84)
[2018.07.08-07.42.55:383][106]LogModuleManager: Shutting down and abandoning module TcpMessaging (82)
[2018.07.08-07.42.55:383][106]LogModuleManager: Shutting down and abandoning module FacialAnimation (80)
[2018.07.08-07.42.55:383][106]LogModuleManager: Shutting down and abandoning module LightPropagationVolumeRuntime (78)
[2018.07.08-07.42.55:383][106]LogModuleManager: Shutting down and abandoning module Paper2D (76)
[2018.07.08-07.42.55:383][106]LogModuleManager: Shutting down and abandoning module WindowsMoviePlayer (74)
[2018.07.08-07.42.55:383][106]LogModuleManager: Shutting down and abandoning module WmfMedia (72)
[2018.07.08-07.42.55:385][106]LogModuleManager: Shutting down and abandoning module MfMedia (70)
[2018.07.08-07.42.55:385][106]LogModuleManager: Shutting down and abandoning module MediaAssets (68)
[2018.07.08-07.42.55:386][106]LogModuleManager: Shutting down and abandoning module GameLiveStreaming (66)
[2018.07.08-07.42.55:386][106]LogModuleManager: Shutting down and abandoning module UMG (64)
[2018.07.08-07.42.55:386][106]LogModuleManager: Shutting down and abandoning module SlateReflector (62)
[2018.07.08-07.42.55:386][106]LogModuleManager: Shutting down and abandoning module Slate (60)
[2018.07.08-07.42.55:386][106]LogModuleManager: Shutting down and abandoning module Messaging (58)
[2018.07.08-07.42.55:386][106]LogModuleManager: Shutting down and abandoning module HeadMountedDisplay (56)
[2018.07.08-07.42.55:386][106]LogModuleManager: Shutting down and abandoning module XAudio2 (54)
[2018.07.08-07.42.55:386][106]LogModuleManager: Shutting down and abandoning module Networking (52)
[2018.07.08-07.42.55:386][106]LogModuleManager: Shutting down and abandoning module Core (48)
[2018.07.08-07.42.55:386][106]LogModuleManager: Shutting down and abandoning module AssetRegistry (46)
[2018.07.08-07.42.55:389][106]LogModuleManager: Shutting down and abandoning module ImageWrapper (44)
[2018.07.08-07.42.55:389][106]LogModuleManager: Shutting down and abandoning module InputCore (42)
[2018.07.08-07.42.55:389][106]LogModuleManager: Shutting down and abandoning module OculusRift (40)
[2018.07.08-07.42.55:389][106]LogModuleManager: Shutting down and abandoning module GearVR (38)
[2018.07.08-07.42.55:389][106]LogModuleManager: Shutting down and abandoning module ExampleDeviceProfileSelector (36)
[2018.07.08-07.42.55:389][106]LogModuleManager: Shutting down and abandoning module OnlineSubsystem (32)
[2018.07.08-07.42.55:389][106]LogOnline:Display: Unloading online subsystem: NULL
[2018.07.08-07.42.55:389][106]LogModuleManager: Shutting down and abandoning module HTTP (31)
[2018.07.08-07.42.55:389][106]LogHttp:Display: Http module shutting down, but needs to wait on 1 outstanding Http requests:
[2018.07.08-07.42.55:389][106]LogHttp:Display: 	verb=[POST] url=[https://datarouter.ol.epicgames.com/datarouter/api/v1/public/data?SessionID=%7BA0A5966A-4D04-8211-E740-07903515440D%7D&AppID=UEGame.Rocket.Release%7CE5D692184515A6C7E623F896CCD680F9%7CDemo%20Project&AppVersion=4.15.3-3450819%2B%2B%2BUE4%2BRelease-4.15&UserID=ANON-%7BF7E27B69-433A-03C4-D301-2CBEBA953558%7D%7C%7C&AppEnvironment=datacollector-binary&UploadType=eteventstream] status=Processing
[2018.07.08-07.42.55:390][106]LogHttp:Display: Sleeping 0.5s to wait for 1 outstanding Http requests.
[2018.07.08-07.42.55:890][106]LogHttp:Display: Sleeping 0.5s to wait for 1 outstanding Http requests.
[2018.07.08-07.42.56:391][106]LogHttp:Display: Sleeping 0.5s to wait for 1 outstanding Http requests.
[2018.07.08-07.42.56:891][106]LogHttp:Display: Sleeping 0.5s to wait for 1 outstanding Http requests.
[2018.07.08-07.42.57:392][106]LogHttp:Display: Sleeping 0.5s to wait for 1 outstanding Http requests.
[2018.07.08-07.42.57:914][106]LogHttp:Display: Sleeping 0.5s to wait for 1 outstanding Http requests.
[2018.07.08-07.42.58:415][106]LogHttp:Display: Sleeping 0.5s to wait for 1 outstanding Http requests.
[2018.07.08-07.42.58:915][106]LogHttp:Display: Sleeping 0.5s to wait for 1 outstanding Http requests.
[2018.07.08-07.42.59:416][106]LogHttp:Display: Sleeping 0.5s to wait for 1 outstanding Http requests.
[2018.07.08-07.42.59:917][106]LogHttp:Display: Sleeping 0.5s to wait for 1 outstanding Http requests.
[2018.07.08-07.43.00:418][106]LogHttp:Display: Sleeping 0.5s to wait for 1 outstanding Http requests.
[2018.07.08-07.43.00:919][106]LogHttp:Display: Sleeping 0.5s to wait for 1 outstanding Http requests.
[2018.07.08-07.43.01:420][106]LogHttp:Display: Sleeping 0.5s to wait for 1 outstanding Http requests.
[2018.07.08-07.43.01:921][106]LogHttp:Display: Sleeping 0.5s to wait for 1 outstanding Http requests.
[2018.07.08-07.43.02:422][106]LogHttp:Display: Sleeping 0.5s to wait for 1 outstanding Http requests.
[2018.07.08-07.43.02:923][106]LogHttp:Display: Sleeping 0.5s to wait for 1 outstanding Http requests.
[2018.07.08-07.43.03:423][106]LogHttp:Display: Sleeping 0.5s to wait for 1 outstanding Http requests.
[2018.07.08-07.43.03:940][106]LogHttp:Display: Sleeping 0.5s to wait for 1 outstanding Http requests.
[2018.07.08-07.43.04:442][106]LogHttp:Display: Sleeping 0.5s to wait for 1 outstanding Http requests.
[2018.07.08-07.43.04:943][106]LogHttp:Display: Sleeping 0.5s to wait for 1 outstanding Http requests.
[2018.07.08-07.43.05:444][106]LogHttp:Warning: 00000265E9D5FE80: request failed, libcurl error: 6 (Couldn't resolve host name)
[2018.07.08-07.43.05:444][106]LogHttp:Warning: 00000265E9D5FE80: libcurl info message cache 0 (Could not resolve host: datarouter.ol.epicgames.com)
[2018.07.08-07.43.05:444][106]LogHttp:Warning: 00000265E9D5FE80: libcurl info message cache 1 (Closing connection 0)
[2018.07.08-07.43.05:450][106]LogModuleManager: Shutting down and abandoning module SSL (30)
[2018.07.08-07.43.05:450][106]LogModuleManager: Shutting down and abandoning module ShaderCore (26)
[2018.07.08-07.43.05:450][106]LogModuleManager: Shutting down and abandoning module Landscape (24)
[2018.07.08-07.43.05:451][106]LogModuleManager: Shutting down and abandoning module SlateRHIRenderer (22)
[2018.07.08-07.43.05:452][106]LogModuleManager: Shutting down and abandoning module OpenGLDrv (20)
[2018.07.08-07.43.05:452][106]LogModuleManager: Shutting down and abandoning module D3D11RHI (18)
[2018.07.08-07.43.05:452][106]LogModuleManager: Shutting down and abandoning module AnimGraphRuntime (16)
[2018.07.08-07.43.05:452][106]LogModuleManager: Shutting down and abandoning module Renderer (14)
[2018.07.08-07.43.05:452][106]LogModuleManager: Shutting down and abandoning module Engine (12)
[2018.07.08-07.43.05:452][106]LogModuleManager: Shutting down and abandoning module CoreUObject (10)
[2018.07.08-07.43.05:452][106]LogModuleManager: Shutting down and abandoning module NetworkFile (8)
[2018.07.08-07.43.05:452][106]LogModuleManager: Shutting down and abandoning module StreamingFile (6)
[2018.07.08-07.43.05:452][106]LogModuleManager: Shutting down and abandoning module SandboxFile (4)
[2018.07.08-07.43.05:452][106]LogModuleManager: Shutting down and abandoning module PakFile (2)
[2018.07.08-07.43.05:454][106]LogExit: Exiting.
[2018.07.08-07.43.05:459][106]Log file closed, 07/08/18 13:13:05
